Build started 2018/3/19 17:50:43.
     1>Project "F:\code\server\xhbase\lib\depend\protobuf\vsbuild\libprotoc.vcxproj" on node 3 (Build target(s)).
     1>CustomBuild:
         Building Custom Rule F:/code/server/xhbase/lib/depend/protobuf/cmake/CMakeLists.txt
         CMake does not need to re-run because F:/code/server/xhbase/lib/depend/protobuf/vsbuild/CMakeFiles/generate.stamp is up-to-date.
         Generating F:/code/server/xhbase/lib/depend/protobuf/src/google/protobuf/compiler/js/well_known_types_embed.cc
       ClCompile:
         D:\Program Files (x86)\Microsoft Visual Studio 12.0\VC\bin\CL.exe /c /IF:\code\server\xhbase\lib\depend\protobuf\vsbuild /IF:\code\server\xhbase\lib\depend\protobuf\src /nologo /W3 /WX- /MP /O2 /Ob2 /Oy- /D WIN32 /D _WINDOWS /D NDEBUG /D LIBPROTOC_EXPORTS /D GOOGLE_PROTOBUF_CMAKE_BUILD /D "CMAKE_INTDIR=\"Release\"" /D _MBCS /Gm- /EHsc /MT /GS /fp:precise /Zc:wchar_t /Zc:forScope /GR /Fo"libprotoc.dir\Release\\" /Fd"libprotoc.dir\Release\vc120.pdb" /Gd /TP /wd4244 /wd4267 /wd4018 /wd4355 /wd4800 /wd4251 /wd4996 /wd4146 /wd4305 /wd4309 /analyze- /errorReport:prompt   /bigobj F:\code\server\xhbase\lib\depend\protobuf\src\google\protobuf\compiler\code_generator.cc F:\code\server\xhbase\lib\depend\protobuf\src\google\protobuf\compiler\command_line_interface.cc F:\code\server\xhbase\lib\depend\protobuf\src\google\protobuf\compiler\cpp\cpp_enum.cc F:\code\server\xhbase\lib\depend\protobuf\src\google\protobuf\compiler\cpp\cpp_enum_field.cc F:\code\server\xhbase\lib\depend\protobuf\src\google\protobuf\compiler\cpp\cpp_extension.cc F:\code\server\xhbase\lib\depend\protobuf\src\google\protobuf\compiler\cpp\cpp_field.cc F:\code\server\xhbase\lib\depend\protobuf\src\google\protobuf\compiler\cpp\cpp_file.cc F:\code\server\xhbase\lib\depend\protobuf\src\google\protobuf\compiler\cpp\cpp_generator.cc F:\code\server\xhbase\lib\depend\protobuf\src\google\protobuf\compiler\cpp\cpp_helpers.cc F:\code\server\xhbase\lib\depend\protobuf\src\google\protobuf\compiler\cpp\cpp_map_field.cc F:\code\server\xhbase\lib\depend\protobuf\src\google\protobuf\compiler\cpp\cpp_message.cc F:\code\server\xhbase\lib\depend\protobuf\src\google\protobuf\compiler\cpp\cpp_message_field.cc F:\code\server\xhbase\lib\depend\protobuf\src\google\protobuf\compiler\cpp\cpp_primitive_field.cc F:\code\server\xhbase\lib\depend\protobuf\src\google\protobuf\compiler\cpp\cpp_service.cc F:\code\server\xhbase\lib\depend\protobuf\src\google\protobuf\compiler\cpp\cpp_string_field.cc F:\code\server\xhbase\lib\depend\protobuf\src\google\protobuf\compiler\csharp\csharp_doc_comment.cc F:\code\server\xhbase\lib\depend\protobuf\src\google\protobuf\compiler\csharp\csharp_enum.cc F:\code\server\xhbase\lib\depend\protobuf\src\google\protobuf\compiler\csharp\csharp_enum_field.cc F:\code\server\xhbase\lib\depend\protobuf\src\google\protobuf\compiler\csharp\csharp_field_base.cc F:\code\server\xhbase\lib\depend\protobuf\src\google\protobuf\compiler\csharp\csharp_generator.cc F:\code\server\xhbase\lib\depend\protobuf\src\google\protobuf\compiler\csharp\csharp_helpers.cc F:\code\server\xhbase\lib\depend\protobuf\src\google\protobuf\compiler\csharp\csharp_map_field.cc F:\code\server\xhbase\lib\depend\protobuf\src\google\protobuf\compiler\csharp\csharp_message.cc F:\code\server\xhbase\lib\depend\protobuf\src\google\protobuf\compiler\csharp\csharp_message_field.cc F:\code\server\xhbase\lib\depend\protobuf\src\google\protobuf\compiler\csharp\csharp_primitive_field.cc F:\code\server\xhbase\lib\depend\protobuf\src\google\protobuf\compiler\csharp\csharp_reflection_class.cc F:\code\server\xhbase\lib\depend\protobuf\src\google\protobuf\compiler\csharp\csharp_repeated_enum_field.cc F:\code\server\xhbase\lib\depend\protobuf\src\google\protobuf\compiler\csharp\csharp_repeated_message_field.cc F:\code\server\xhbase\lib\depend\protobuf\src\google\protobuf\compiler\csharp\csharp_repeated_primitive_field.cc F:\code\server\xhbase\lib\depend\protobuf\src\google\protobuf\compiler\csharp\csharp_source_generator_base.cc F:\code\server\xhbase\lib\depend\protobuf\src\google\protobuf\compiler\csharp\csharp_wrapper_field.cc F:\code\server\xhbase\lib\depend\protobuf\src\google\protobuf\compiler\java\java_context.cc F:\code\server\xhbase\lib\depend\protobuf\src\google\protobuf\compiler\java\java_doc_comment.cc F:\code\server\xhbase\lib\depend\protobuf\src\google\protobuf\compiler\java\java_enum.cc F:\code\server\xhbase\lib\depend\protobuf\src\google\protobuf\compiler\java\java_enum_field.cc F:\code\server\xhbase\lib\depend\protobuf\src\google\protobuf\compiler\java\java_enum_field_lite.cc F:\code\server\xhbase\lib\depend\protobuf\src\google\protobuf\compiler\java\java_enum_lite.cc F:\code\server\xhbase\lib\depend\protobuf\src\google\protobuf\compiler\java\java_extension.cc F:\code\server\xhbase\lib\depend\protobuf\src\google\protobuf\compiler\java\java_extension_lite.cc F:\code\server\xhbase\lib\depend\protobuf\src\google\protobuf\compiler\java\java_field.cc F:\code\server\xhbase\lib\depend\protobuf\src\google\protobuf\compiler\java\java_file.cc F:\code\server\xhbase\lib\depend\protobuf\src\google\protobuf\compiler\java\java_generator.cc F:\code\server\xhbase\lib\depend\protobuf\src\google\protobuf\compiler\java\java_generator_factory.cc F:\code\server\xhbase\lib\depend\protobuf\src\google\protobuf\compiler\java\java_helpers.cc F:\code\server\xhbase\lib\depend\protobuf\src\google\protobuf\compiler\java\java_lazy_message_field.cc F:\code\server\xhbase\lib\depend\protobuf\src\google\protobuf\compiler\java\java_lazy_message_field_lite.cc F:\code\server\xhbase\lib\depend\protobuf\src\google\protobuf\compiler\java\java_map_field.cc F:\code\server\xhbase\lib\depend\protobuf\src\google\protobuf\compiler\java\java_map_field_lite.cc F:\code\server\xhbase\lib\depend\protobuf\src\google\protobuf\compiler\java\java_message.cc F:\code\server\xhbase\lib\depend\protobuf\src\google\protobuf\compiler\java\java_message_builder.cc F:\code\server\xhbase\lib\depend\protobuf\src\google\protobuf\compiler\java\java_message_builder_lite.cc F:\code\server\xhbase\lib\depend\protobuf\src\google\protobuf\compiler\java\java_message_field.cc F:\code\server\xhbase\lib\depend\protobuf\src\google\protobuf\compiler\java\java_message_field_lite.cc F:\code\server\xhbase\lib\depend\protobuf\src\google\protobuf\compiler\java\java_message_lite.cc F:\code\server\xhbase\lib\depend\protobuf\src\google\protobuf\compiler\java\java_name_resolver.cc F:\code\server\xhbase\lib\depend\protobuf\src\google\protobuf\compiler\java\java_primitive_field.cc F:\code\server\xhbase\lib\depend\protobuf\src\google\protobuf\compiler\java\java_primitive_field_lite.cc F:\code\server\xhbase\lib\depend\protobuf\src\google\protobuf\compiler\java\java_service.cc F:\code\server\xhbase\lib\depend\protobuf\src\google\protobuf\compiler\java\java_shared_code_generator.cc F:\code\server\xhbase\lib\depend\protobuf\src\google\protobuf\compiler\java\java_string_field.cc F:\code\server\xhbase\lib\depend\protobuf\src\google\protobuf\compiler\java\java_string_field_lite.cc F:\code\server\xhbase\lib\depend\protobuf\src\google\protobuf\compiler\javanano\javanano_enum.cc F:\code\server\xhbase\lib\depend\protobuf\src\google\protobuf\compiler\javanano\javanano_enum_field.cc F:\code\server\xhbase\lib\depend\protobuf\src\google\protobuf\compiler\javanano\javanano_extension.cc F:\code\server\xhbase\lib\depend\protobuf\src\google\protobuf\compiler\javanano\javanano_field.cc F:\code\server\xhbase\lib\depend\protobuf\src\google\protobuf\compiler\javanano\javanano_file.cc F:\code\server\xhbase\lib\depend\protobuf\src\google\protobuf\compiler\javanano\javanano_generator.cc F:\code\server\xhbase\lib\depend\protobuf\src\google\protobuf\compiler\javanano\javanano_helpers.cc F:\code\server\xhbase\lib\depend\protobuf\src\google\protobuf\compiler\javanano\javanano_map_field.cc F:\code\server\xhbase\lib\depend\protobuf\src\google\protobuf\compiler\javanano\javanano_message.cc F:\code\server\xhbase\lib\depend\protobuf\src\google\protobuf\compiler\javanano\javanano_message_field.cc F:\code\server\xhbase\lib\depend\protobuf\src\google\protobuf\compiler\javanano\javanano_primitive_field.cc F:\code\server\xhbase\lib\depend\protobuf\src\google\protobuf\compiler\js\js_generator.cc F:\code\server\xhbase\lib\depend\protobuf\src\google\protobuf\compiler\js\well_known_types_embed.cc F:\code\server\xhbase\lib\depend\protobuf\src\google\protobuf\compiler\objectivec\objectivec_enum.cc F:\code\server\xhbase\lib\depend\protobuf\src\google\protobuf\compiler\objectivec\objectivec_enum_field.cc F:\code\server\xhbase\lib\depend\protobuf\src\google\protobuf\compiler\objectivec\objectivec_extension.cc F:\code\server\xhbase\lib\depend\protobuf\src\google\protobuf\compiler\objectivec\objectivec_field.cc F:\code\server\xhbase\lib\depend\protobuf\src\google\protobuf\compiler\objectivec\objectivec_file.cc F:\code\server\xhbase\lib\depend\protobuf\src\google\protobuf\compiler\objectivec\objectivec_generator.cc F:\code\server\xhbase\lib\depend\protobuf\src\google\protobuf\compiler\objectivec\objectivec_helpers.cc F:\code\server\xhbase\lib\depend\protobuf\src\google\protobuf\compiler\objectivec\objectivec_map_field.cc F:\code\server\xhbase\lib\depend\protobuf\src\google\protobuf\compiler\objectivec\objectivec_message.cc F:\code\server\xhbase\lib\depend\protobuf\src\google\protobuf\compiler\objectivec\objectivec_message_field.cc F:\code\server\xhbase\lib\depend\protobuf\src\google\protobuf\compiler\objectivec\objectivec_oneof.cc F:\code\server\xhbase\lib\depend\protobuf\src\google\protobuf\compiler\objectivec\objectivec_primitive_field.cc F:\code\server\xhbase\lib\depend\protobuf\src\google\protobuf\compiler\php\php_generator.cc F:\code\server\xhbase\lib\depend\protobuf\src\google\protobuf\compiler\plugin.cc F:\code\server\xhbase\lib\depend\protobuf\src\google\protobuf\compiler\plugin.pb.cc F:\code\server\xhbase\lib\depend\protobuf\src\google\protobuf\compiler\python\python_generator.cc F:\code\server\xhbase\lib\depend\protobuf\src\google\protobuf\compiler\ruby\ruby_generator.cc F:\code\server\xhbase\lib\depend\protobuf\src\google\protobuf\compiler\subprocess.cc F:\code\server\xhbase\lib\depend\protobuf\src\google\protobuf\compiler\zip_writer.cc
         code_generator.cc
         command_line_interface.cc
         cpp_enum.cc
         cpp_enum_field.cc
         cpp_extension.cc
         cpp_field.cc
         cpp_file.cc
         cpp_generator.cc
         cpp_helpers.cc
         cpp_map_field.cc
         cpp_message.cc
         cpp_message_field.cc
         cpp_primitive_field.cc
         cpp_service.cc
         cpp_string_field.cc
         csharp_doc_comment.cc
         csharp_enum.cc
         csharp_enum_field.cc
         csharp_field_base.cc
         csharp_generator.cc
         csharp_helpers.cc
         csharp_map_field.cc
         csharp_message.cc
         csharp_message_field.cc
         csharp_primitive_field.cc
         csharp_reflection_class.cc
         csharp_repeated_enum_field.cc
         csharp_repeated_message_field.cc
         csharp_repeated_primitive_field.cc
         csharp_source_generator_base.cc
         csharp_wrapper_field.cc
         java_context.cc
         java_doc_comment.cc
         java_enum.cc
         java_enum_field.cc
         java_enum_field_lite.cc
         java_enum_lite.cc
         java_extension.cc
         java_extension_lite.cc
         java_field.cc
         java_file.cc
         java_generator.cc
         java_generator_factory.cc
         java_helpers.cc
         java_lazy_message_field.cc
         java_lazy_message_field_lite.cc
         java_map_field.cc
         java_map_field_lite.cc
         java_message.cc
         java_message_builder.cc
         java_message_builder_lite.cc
         java_message_field.cc
         java_message_field_lite.cc
         java_message_lite.cc
         java_name_resolver.cc
         java_primitive_field.cc
         java_primitive_field_lite.cc
         java_service.cc
         java_shared_code_generator.cc
         java_string_field.cc
         java_string_field_lite.cc
         javanano_enum.cc
         javanano_enum_field.cc
         javanano_extension.cc
         javanano_field.cc
         javanano_file.cc
         javanano_generator.cc
         javanano_helpers.cc
         javanano_map_field.cc
         javanano_message.cc
         javanano_message_field.cc
         javanano_primitive_field.cc
         js_generator.cc
         well_known_types_embed.cc
         objectivec_enum.cc
         objectivec_enum_field.cc
         objectivec_extension.cc
         objectivec_field.cc
         objectivec_file.cc
         objectivec_generator.cc
         objectivec_helpers.cc
         objectivec_map_field.cc
         objectivec_message.cc
         objectivec_message_field.cc
         objectivec_oneof.cc
         objectivec_primitive_field.cc
         php_generator.cc
         plugin.cc
         plugin.pb.cc
         python_generator.cc
         ruby_generator.cc
         subprocess.cc
         zip_writer.cc
       Lib:
         D:\Program Files (x86)\Microsoft Visual Studio 12.0\VC\bin\Lib.exe /OUT:"F:\code\server\xhbase\lib\depend\protobuf\vsbuild\Release\libprotoc.lib" /NOLOGO   /machine:X86 libprotoc.dir\Release\code_generator.obj
         libprotoc.dir\Release\command_line_interface.obj
         libprotoc.dir\Release\cpp_enum.obj
         libprotoc.dir\Release\cpp_enum_field.obj
         libprotoc.dir\Release\cpp_extension.obj
         libprotoc.dir\Release\cpp_field.obj
         libprotoc.dir\Release\cpp_file.obj
         libprotoc.dir\Release\cpp_generator.obj
         libprotoc.dir\Release\cpp_helpers.obj
         libprotoc.dir\Release\cpp_map_field.obj
         libprotoc.dir\Release\cpp_message.obj
         libprotoc.dir\Release\cpp_message_field.obj
         libprotoc.dir\Release\cpp_primitive_field.obj
         libprotoc.dir\Release\cpp_service.obj
         libprotoc.dir\Release\cpp_string_field.obj
         libprotoc.dir\Release\csharp_doc_comment.obj
         libprotoc.dir\Release\csharp_enum.obj
         libprotoc.dir\Release\csharp_enum_field.obj
         libprotoc.dir\Release\csharp_field_base.obj
         libprotoc.dir\Release\csharp_generator.obj
         libprotoc.dir\Release\csharp_helpers.obj
         libprotoc.dir\Release\csharp_map_field.obj
         libprotoc.dir\Release\csharp_message.obj
         libprotoc.dir\Release\csharp_message_field.obj
         libprotoc.dir\Release\csharp_primitive_field.obj
         libprotoc.dir\Release\csharp_reflection_class.obj
         libprotoc.dir\Release\csharp_repeated_enum_field.obj
         libprotoc.dir\Release\csharp_repeated_message_field.obj
         libprotoc.dir\Release\csharp_repeated_primitive_field.obj
         libprotoc.dir\Release\csharp_source_generator_base.obj
         libprotoc.dir\Release\csharp_wrapper_field.obj
         libprotoc.dir\Release\java_context.obj
         libprotoc.dir\Release\java_doc_comment.obj
         libprotoc.dir\Release\java_enum.obj
         libprotoc.dir\Release\java_enum_field.obj
         libprotoc.dir\Release\java_enum_field_lite.obj
         libprotoc.dir\Release\java_enum_lite.obj
         libprotoc.dir\Release\java_extension.obj
         libprotoc.dir\Release\java_extension_lite.obj
         libprotoc.dir\Release\java_field.obj
         libprotoc.dir\Release\java_file.obj
         libprotoc.dir\Release\java_generator.obj
         libprotoc.dir\Release\java_generator_factory.obj
         libprotoc.dir\Release\java_helpers.obj
         libprotoc.dir\Release\java_lazy_message_field.obj
         libprotoc.dir\Release\java_lazy_message_field_lite.obj
         libprotoc.dir\Release\java_map_field.obj
         libprotoc.dir\Release\java_map_field_lite.obj
         libprotoc.dir\Release\java_message.obj
         libprotoc.dir\Release\java_message_builder.obj
         libprotoc.dir\Release\java_message_builder_lite.obj
         libprotoc.dir\Release\java_message_field.obj
         libprotoc.dir\Release\java_message_field_lite.obj
         libprotoc.dir\Release\java_message_lite.obj
         libprotoc.dir\Release\java_name_resolver.obj
         libprotoc.dir\Release\java_primitive_field.obj
         libprotoc.dir\Release\java_primitive_field_lite.obj
         libprotoc.dir\Release\java_service.obj
         libprotoc.dir\Release\java_shared_code_generator.obj
         libprotoc.dir\Release\java_string_field.obj
         libprotoc.dir\Release\java_string_field_lite.obj
         libprotoc.dir\Release\javanano_enum.obj
         libprotoc.dir\Release\javanano_enum_field.obj
         libprotoc.dir\Release\javanano_extension.obj
         libprotoc.dir\Release\javanano_field.obj
         libprotoc.dir\Release\javanano_file.obj
         libprotoc.dir\Release\javanano_generator.obj
         libprotoc.dir\Release\javanano_helpers.obj
         libprotoc.dir\Release\javanano_map_field.obj
         libprotoc.dir\Release\javanano_message.obj
         libprotoc.dir\Release\javanano_message_field.obj
         libprotoc.dir\Release\javanano_primitive_field.obj
         libprotoc.dir\Release\js_generator.obj
         libprotoc.dir\Release\well_known_types_embed.obj
         libprotoc.dir\Release\objectivec_enum.obj
         libprotoc.dir\Release\objectivec_enum_field.obj
         libprotoc.dir\Release\objectivec_extension.obj
         libprotoc.dir\Release\objectivec_field.obj
         libprotoc.dir\Release\objectivec_file.obj
         libprotoc.dir\Release\objectivec_generator.obj
         libprotoc.dir\Release\objectivec_helpers.obj
         libprotoc.dir\Release\objectivec_map_field.obj
         libprotoc.dir\Release\objectivec_message.obj
         libprotoc.dir\Release\objectivec_message_field.obj
         libprotoc.dir\Release\objectivec_oneof.obj
         libprotoc.dir\Release\objectivec_primitive_field.obj
         libprotoc.dir\Release\php_generator.obj
         libprotoc.dir\Release\plugin.obj
         libprotoc.dir\Release\plugin.pb.obj
         libprotoc.dir\Release\python_generator.obj
         libprotoc.dir\Release\ruby_generator.obj
         libprotoc.dir\Release\subprocess.obj
         libprotoc.dir\Release\zip_writer.obj
         libprotoc.vcxproj -> F:\code\server\xhbase\lib\depend\protobuf\vsbuild\Release\libprotoc.lib
     1>Done Building Project "F:\code\server\xhbase\lib\depend\protobuf\vsbuild\libprotoc.vcxproj" (Build target(s)).

Build succeeded.

Time Elapsed 00:00:30.22
