Build started 2018/3/19 17:13:10.
     1>Project "F:\code\server\xhbase\lib\depend\protobuf\vsbuild\libprotobuf.vcxproj" on node 2 (Build target(s)).
     1>CustomBuild:
         Building Custom Rule F:/code/server/xhbase/lib/depend/protobuf/cmake/CMakeLists.txt
         CMake does not need to re-run because F:/code/server/xhbase/lib/depend/protobuf/vsbuild/CMakeFiles/generate.stamp is up-to-date.
       ClCompile:
         D:\Program Files (x86)\Microsoft Visual Studio 12.0\VC\bin\CL.exe /c /IF:\code\server\xhbase\lib\depend\protobuf\vsbuild /IF:\code\server\xhbase\lib\depend\protobuf\src /nologo /W3 /WX- /MP /O2 /Ob2 /Oy- /D WIN32 /D _WINDOWS /D NDEBUG /D GOOGLE_PROTOBUF_CMAKE_BUILD /D "CMAKE_INTDIR=\"Release\"" /D _MBCS /Gm- /EHsc /MT /GS /fp:precise /Zc:wchar_t /Zc:forScope /GR /Fo"libprotobuf.dir\Release\\" /Fd"libprotobuf.dir\Release\vc120.pdb" /Gd /TP /wd4244 /wd4267 /wd4018 /wd4355 /wd4800 /wd4251 /wd4996 /wd4146 /wd4305 /wd4309 /analyze- /errorReport:prompt   /bigobj F:\code\server\xhbase\lib\depend\protobuf\src\google\protobuf\arena.cc F:\code\server\xhbase\lib\depend\protobuf\src\google\protobuf\arenastring.cc F:\code\server\xhbase\lib\depend\protobuf\src\google\protobuf\extension_set.cc F:\code\server\xhbase\lib\depend\protobuf\src\google\protobuf\generated_message_util.cc F:\code\server\xhbase\lib\depend\protobuf\src\google\protobuf\io\coded_stream.cc F:\code\server\xhbase\lib\depend\protobuf\src\google\protobuf\io\zero_copy_stream.cc F:\code\server\xhbase\lib\depend\protobuf\src\google\protobuf\io\zero_copy_stream_impl_lite.cc F:\code\server\xhbase\lib\depend\protobuf\src\google\protobuf\message_lite.cc F:\code\server\xhbase\lib\depend\protobuf\src\google\protobuf\repeated_field.cc F:\code\server\xhbase\lib\depend\protobuf\src\google\protobuf\stubs\atomicops_internals_x86_gcc.cc F:\code\server\xhbase\lib\depend\protobuf\src\google\protobuf\stubs\atomicops_internals_x86_msvc.cc F:\code\server\xhbase\lib\depend\protobuf\src\google\protobuf\stubs\bytestream.cc F:\code\server\xhbase\lib\depend\protobuf\src\google\protobuf\stubs\common.cc F:\code\server\xhbase\lib\depend\protobuf\src\google\protobuf\stubs\int128.cc F:\code\server\xhbase\lib\depend\protobuf\src\google\protobuf\stubs\once.cc F:\code\server\xhbase\lib\depend\protobuf\src\google\protobuf\stubs\status.cc F:\code\server\xhbase\lib\depend\protobuf\src\google\protobuf\stubs\statusor.cc F:\code\server\xhbase\lib\depend\protobuf\src\google\protobuf\stubs\stringpiece.cc F:\code\server\xhbase\lib\depend\protobuf\src\google\protobuf\stubs\stringprintf.cc F:\code\server\xhbase\lib\depend\protobuf\src\google\protobuf\stubs\structurally_valid.cc F:\code\server\xhbase\lib\depend\protobuf\src\google\protobuf\stubs\strutil.cc F:\code\server\xhbase\lib\depend\protobuf\src\google\protobuf\stubs\time.cc F:\code\server\xhbase\lib\depend\protobuf\src\google\protobuf\wire_format_lite.cc F:\code\server\xhbase\lib\depend\protobuf\src\google\protobuf\any.cc F:\code\server\xhbase\lib\depend\protobuf\src\google\protobuf\any.pb.cc F:\code\server\xhbase\lib\depend\protobuf\src\google\protobuf\api.pb.cc F:\code\server\xhbase\lib\depend\protobuf\src\google\protobuf\compiler\importer.cc F:\code\server\xhbase\lib\depend\protobuf\src\google\protobuf\compiler\parser.cc F:\code\server\xhbase\lib\depend\protobuf\src\google\protobuf\descriptor.cc F:\code\server\xhbase\lib\depend\protobuf\src\google\protobuf\descriptor.pb.cc F:\code\server\xhbase\lib\depend\protobuf\src\google\protobuf\descriptor_database.cc F:\code\server\xhbase\lib\depend\protobuf\src\google\protobuf\duration.pb.cc F:\code\server\xhbase\lib\depend\protobuf\src\google\protobuf\dynamic_message.cc F:\code\server\xhbase\lib\depend\protobuf\src\google\protobuf\empty.pb.cc F:\code\server\xhbase\lib\depend\protobuf\src\google\protobuf\extension_set_heavy.cc F:\code\server\xhbase\lib\depend\protobuf\src\google\protobuf\field_mask.pb.cc F:\code\server\xhbase\lib\depend\protobuf\src\google\protobuf\generated_message_reflection.cc F:\code\server\xhbase\lib\depend\protobuf\src\google\protobuf\io\gzip_stream.cc F:\code\server\xhbase\lib\depend\protobuf\src\google\protobuf\io\printer.cc F:\code\server\xhbase\lib\depend\protobuf\src\google\protobuf\io\strtod.cc F:\code\server\xhbase\lib\depend\protobuf\src\google\protobuf\io\tokenizer.cc F:\code\server\xhbase\lib\depend\protobuf\src\google\protobuf\io\zero_copy_stream_impl.cc F:\code\server\xhbase\lib\depend\protobuf\src\google\protobuf\map_field.cc F:\code\server\xhbase\lib\depend\protobuf\src\google\protobuf\message.cc F:\code\server\xhbase\lib\depend\protobuf\src\google\protobuf\reflection_ops.cc F:\code\server\xhbase\lib\depend\protobuf\src\google\protobuf\service.cc F:\code\server\xhbase\lib\depend\protobuf\src\google\protobuf\source_context.pb.cc F:\code\server\xhbase\lib\depend\protobuf\src\google\protobuf\struct.pb.cc F:\code\server\xhbase\lib\depend\protobuf\src\google\protobuf\stubs\mathlimits.cc F:\code\server\xhbase\lib\depend\protobuf\src\google\protobuf\stubs\substitute.cc F:\code\server\xhbase\lib\depend\protobuf\src\google\protobuf\text_format.cc F:\code\server\xhbase\lib\depend\protobuf\src\google\protobuf\timestamp.pb.cc F:\code\server\xhbase\lib\depend\protobuf\src\google\protobuf\type.pb.cc F:\code\server\xhbase\lib\depend\protobuf\src\google\protobuf\unknown_field_set.cc F:\code\server\xhbase\lib\depend\protobuf\src\google\protobuf\util\delimited_message_util.cc F:\code\server\xhbase\lib\depend\protobuf\src\google\protobuf\util\field_comparator.cc F:\code\server\xhbase\lib\depend\protobuf\src\google\protobuf\util\field_mask_util.cc F:\code\server\xhbase\lib\depend\protobuf\src\google\protobuf\util\internal\datapiece.cc F:\code\server\xhbase\lib\depend\protobuf\src\google\protobuf\util\internal\default_value_objectwriter.cc F:\code\server\xhbase\lib\depend\protobuf\src\google\protobuf\util\internal\error_listener.cc F:\code\server\xhbase\lib\depend\protobuf\src\google\protobuf\util\internal\field_mask_utility.cc F:\code\server\xhbase\lib\depend\protobuf\src\google\protobuf\util\internal\json_escaping.cc F:\code\server\xhbase\lib\depend\protobuf\src\google\protobuf\util\internal\json_objectwriter.cc F:\code\server\xhbase\lib\depend\protobuf\src\google\protobuf\util\internal\json_stream_parser.cc F:\code\server\xhbase\lib\depend\protobuf\src\google\protobuf\util\internal\object_writer.cc F:\code\server\xhbase\lib\depend\protobuf\src\google\protobuf\util\internal\proto_writer.cc F:\code\server\xhbase\lib\depend\protobuf\src\google\protobuf\util\internal\protostream_objectsource.cc F:\code\server\xhbase\lib\depend\protobuf\src\google\protobuf\util\internal\protostream_objectwriter.cc F:\code\server\xhbase\lib\depend\protobuf\src\google\protobuf\util\internal\type_info.cc F:\code\server\xhbase\lib\depend\protobuf\src\google\protobuf\util\internal\type_info_test_helper.cc F:\code\server\xhbase\lib\depend\protobuf\src\google\protobuf\util\internal\utility.cc F:\code\server\xhbase\lib\depend\protobuf\src\google\protobuf\util\json_util.cc F:\code\server\xhbase\lib\depend\protobuf\src\google\protobuf\util\message_differencer.cc F:\code\server\xhbase\lib\depend\protobuf\src\google\protobuf\util\time_util.cc F:\code\server\xhbase\lib\depend\protobuf\src\google\protobuf\util\type_resolver_util.cc F:\code\server\xhbase\lib\depend\protobuf\src\google\protobuf\wire_format.cc F:\code\server\xhbase\lib\depend\protobuf\src\google\protobuf\wrappers.pb.cc
         arena.cc
         arenastring.cc
         extension_set.cc
         generated_message_util.cc
         coded_stream.cc
         zero_copy_stream.cc
         zero_copy_stream_impl_lite.cc
         message_lite.cc
         repeated_field.cc
         atomicops_internals_x86_gcc.cc
         atomicops_internals_x86_msvc.cc
         bytestream.cc
         common.cc
         int128.cc
         once.cc
         status.cc
         statusor.cc
         stringpiece.cc
         stringprintf.cc
         structurally_valid.cc
         strutil.cc
         time.cc
         wire_format_lite.cc
         any.cc
         any.pb.cc
         api.pb.cc
         importer.cc
         parser.cc
         descriptor.cc
         descriptor.pb.cc
         descriptor_database.cc
         duration.pb.cc
         dynamic_message.cc
         empty.pb.cc
         extension_set_heavy.cc
         field_mask.pb.cc
         generated_message_reflection.cc
         gzip_stream.cc
         printer.cc
         strtod.cc
     1>F:\code\server\xhbase\lib\depend\protobuf\src\google\protobuf\generated_message_reflection.cc(2005): warning C4065: switch statement contains 'default' but no 'case' labels
     1>F:\code\server\xhbase\lib\depend\protobuf\src\google/protobuf/repeated_field.h(586): warning C4506: no definition for inline function 'google::protobuf::Arena *google::protobuf::internal::GenericTypeHandler<google::protobuf::Message>::GetArena(GenericType *)'
                 with
                 [
                     GenericType=google::protobuf::Message
                 ] (F:\code\server\xhbase\lib\depend\protobuf\src\google\protobuf\generated_message_reflection.cc)
     1>F:\code\server\xhbase\lib\depend\protobuf\src\google/protobuf/repeated_field.h(586): warning C4506: no definition for inline function 'void *google::protobuf::internal::GenericTypeHandler<google::protobuf::Message>::GetMaybeArenaPointer(GenericType *)'
                 with
                 [
                     GenericType=google::protobuf::Message
                 ] (F:\code\server\xhbase\lib\depend\protobuf\src\google\protobuf\generated_message_reflection.cc)
         tokenizer.cc
         zero_copy_stream_impl.cc
         map_field.cc
         message.cc
         reflection_ops.cc
         service.cc
     1>F:\code\server\xhbase\lib\depend\protobuf\src\google/protobuf/map.h(634): warning C4506: no definition for inline function 'google::protobuf::Arena *google::protobuf::internal::GenericTypeHandler<google::protobuf::Message>::GetArena(GenericType *)'
                 with
                 [
                     GenericType=google::protobuf::Message
                 ] (F:\code\server\xhbase\lib\depend\protobuf\src\google\protobuf\map_field.cc)
     1>F:\code\server\xhbase\lib\depend\protobuf\src\google/protobuf/map.h(634): warning C4506: no definition for inline function 'void *google::protobuf::internal::GenericTypeHandler<google::protobuf::Message>::GetMaybeArenaPointer(GenericType *)'
                 with
                 [
                     GenericType=google::protobuf::Message
                 ] (F:\code\server\xhbase\lib\depend\protobuf\src\google\protobuf\map_field.cc)
         source_context.pb.cc
         struct.pb.cc
         mathlimits.cc
         substitute.cc
         text_format.cc
         timestamp.pb.cc
         type.pb.cc
         unknown_field_set.cc
         delimited_message_util.cc
         field_comparator.cc
         field_mask_util.cc
         datapiece.cc
         default_value_objectwriter.cc
         error_listener.cc
         field_mask_utility.cc
         json_escaping.cc
         json_objectwriter.cc
         json_stream_parser.cc
         object_writer.cc
         proto_writer.cc
         protostream_objectsource.cc
         protostream_objectwriter.cc
         type_info.cc
         type_info_test_helper.cc
         utility.cc
         json_util.cc
         message_differencer.cc
         time_util.cc
         type_resolver_util.cc
         wire_format.cc
         wrappers.pb.cc
       Lib:
         D:\Program Files (x86)\Microsoft Visual Studio 12.0\VC\bin\Lib.exe /OUT:"F:\code\server\xhbase\lib\depend\protobuf\vsbuild\Release\libprotobuf.lib" /NOLOGO   /machine:X86 libprotobuf.dir\Release\arena.obj
         libprotobuf.dir\Release\arenastring.obj
         libprotobuf.dir\Release\extension_set.obj
         libprotobuf.dir\Release\generated_message_util.obj
         libprotobuf.dir\Release\coded_stream.obj
         libprotobuf.dir\Release\zero_copy_stream.obj
         libprotobuf.dir\Release\zero_copy_stream_impl_lite.obj
         libprotobuf.dir\Release\message_lite.obj
         libprotobuf.dir\Release\repeated_field.obj
         libprotobuf.dir\Release\atomicops_internals_x86_gcc.obj
         libprotobuf.dir\Release\atomicops_internals_x86_msvc.obj
         libprotobuf.dir\Release\bytestream.obj
         libprotobuf.dir\Release\common.obj
         libprotobuf.dir\Release\int128.obj
         libprotobuf.dir\Release\once.obj
         libprotobuf.dir\Release\status.obj
         libprotobuf.dir\Release\statusor.obj
         libprotobuf.dir\Release\stringpiece.obj
         libprotobuf.dir\Release\stringprintf.obj
         libprotobuf.dir\Release\structurally_valid.obj
         libprotobuf.dir\Release\strutil.obj
         libprotobuf.dir\Release\time.obj
         libprotobuf.dir\Release\wire_format_lite.obj
         libprotobuf.dir\Release\any.obj
         libprotobuf.dir\Release\any.pb.obj
         libprotobuf.dir\Release\api.pb.obj
         libprotobuf.dir\Release\importer.obj
         libprotobuf.dir\Release\parser.obj
         libprotobuf.dir\Release\descriptor.obj
         libprotobuf.dir\Release\descriptor.pb.obj
         libprotobuf.dir\Release\descriptor_database.obj
         libprotobuf.dir\Release\duration.pb.obj
         libprotobuf.dir\Release\dynamic_message.obj
         libprotobuf.dir\Release\empty.pb.obj
         libprotobuf.dir\Release\extension_set_heavy.obj
         libprotobuf.dir\Release\field_mask.pb.obj
         libprotobuf.dir\Release\generated_message_reflection.obj
         libprotobuf.dir\Release\gzip_stream.obj
         libprotobuf.dir\Release\printer.obj
         libprotobuf.dir\Release\strtod.obj
         libprotobuf.dir\Release\tokenizer.obj
         libprotobuf.dir\Release\zero_copy_stream_impl.obj
         libprotobuf.dir\Release\map_field.obj
         libprotobuf.dir\Release\message.obj
         libprotobuf.dir\Release\reflection_ops.obj
         libprotobuf.dir\Release\service.obj
         libprotobuf.dir\Release\source_context.pb.obj
         libprotobuf.dir\Release\struct.pb.obj
         libprotobuf.dir\Release\mathlimits.obj
         libprotobuf.dir\Release\substitute.obj
         libprotobuf.dir\Release\text_format.obj
         libprotobuf.dir\Release\timestamp.pb.obj
         libprotobuf.dir\Release\type.pb.obj
         libprotobuf.dir\Release\unknown_field_set.obj
         libprotobuf.dir\Release\delimited_message_util.obj
         libprotobuf.dir\Release\field_comparator.obj
         libprotobuf.dir\Release\field_mask_util.obj
         libprotobuf.dir\Release\datapiece.obj
         libprotobuf.dir\Release\default_value_objectwriter.obj
         libprotobuf.dir\Release\error_listener.obj
         libprotobuf.dir\Release\field_mask_utility.obj
         libprotobuf.dir\Release\json_escaping.obj
         libprotobuf.dir\Release\json_objectwriter.obj
         libprotobuf.dir\Release\json_stream_parser.obj
         libprotobuf.dir\Release\object_writer.obj
         libprotobuf.dir\Release\proto_writer.obj
         libprotobuf.dir\Release\protostream_objectsource.obj
         libprotobuf.dir\Release\protostream_objectwriter.obj
         libprotobuf.dir\Release\type_info.obj
         libprotobuf.dir\Release\type_info_test_helper.obj
         libprotobuf.dir\Release\utility.obj
         libprotobuf.dir\Release\json_util.obj
         libprotobuf.dir\Release\message_differencer.obj
         libprotobuf.dir\Release\time_util.obj
         libprotobuf.dir\Release\type_resolver_util.obj
         libprotobuf.dir\Release\wire_format.obj
         libprotobuf.dir\Release\wrappers.pb.obj
     1>error_listener.obj : warning LNK4221: This object file does not define any previously undefined public symbols, so it will not be used by any link operation that consumes this library
     1>atomicops_internals_x86_gcc.obj : warning LNK4221: This object file does not define any previously undefined public symbols, so it will not be used by any link operation that consumes this library
         libprotobuf.vcxproj -> F:\code\server\xhbase\lib\depend\protobuf\vsbuild\Release\libprotobuf.lib
     1>Done Building Project "F:\code\server\xhbase\lib\depend\protobuf\vsbuild\libprotobuf.vcxproj" (Build target(s)).

Build succeeded.

Time Elapsed 00:00:19.01
